# JRE version: Java(TM) SE Runtime Environment (8.0_151-b12) (build 1.8.0_151-b12)
# Java VM: Java HotSpot(TM) 64-Bit Server VM (25.151-b12 mixed mode windows-amd64 compressed oops)
Heap:
 PSYoungGen      total 404480K, used 236249K [0x00000000e0000000, 0x00000000fa880000, 0x0000000100000000)
  eden space 379392K, 56% used [0x00000000e0000000,0x00000000ed042b08,0x00000000f7280000)
  from space 25088K, 91% used [0x00000000f8d80000,0x00000000fa3f3b80,0x00000000fa600000)
  to   space 27648K, 0% used [0x00000000f7280000,0x00000000f7280000,0x00000000f8d80000)
 ParOldGen       total 166400K, used 53511K [0x00000000a0000000, 0x00000000aa280000, 0x00000000e0000000)
  object space 166400K, 32% used [0x00000000a0000000,0x00000000a3441c60,0x00000000aa280000)
 Metaspace       used 93183K, capacity 97060K, committed 97280K, reserved 1132544K
  class space    used 12698K, capacity 13455K, committed 13568K, reserved 1048576K
GC Heap History (10 events):
Event: 15.557 GC heap before
{Heap before GC invocations=13 (full 3):
 PSYoungGen      total 241664K, used 227328K [0x00000000e0000000, 0x00000000f2b80000, 0x0000000100000000)
  eden space 227328K, 100% used [0x00000000e0000000,0x00000000ede00000,0x00000000ede00000)
  from space 14336K, 0% used [0x00000000ede00000,0x00000000ede00000,0x00000000eec00000)
  to   space 20480K, 0% used [0x00000000f1780000,0x00000000f1780000,0x00000000f2b80000)
 ParOldGen       total 166400K, used 37616K [0x00000000a0000000, 0x00000000aa280000, 0x00000000e0000000)
  object space 166400K, 22% used [0x00000000a0000000,0x00000000a24bc390,0x00000000aa280000)
 Metaspace       used 68077K, capacity 71070K, committed 71296K, reserved 1110016K
  class space    used 9473K, capacity 10088K, committed 10112K, reserved 1048576K
Event: 15.687 GC heap after
Heap after GC invocations=13 (full 3):
 PSYoungGen      total 283136K, used 20462K [0x00000000e0000000, 0x00000000f4e80000, 0x0000000100000000)
  eden space 262656K, 0% used [0x00000000e0000000,0x00000000e0000000,0x00000000f0080000)
  from space 20480K, 99% used [0x00000000f1780000,0x00000000f2b7bb28,0x00000000f2b80000)
  to   space 23552K, 0% used [0x00000000f0080000,0x00000000f0080000,0x00000000f1780000)
 ParOldGen       total 166400K, used 39496K [0x00000000a0000000, 0x00000000aa280000, 0x00000000e0000000)
  object space 166400K, 23% used [0x00000000a0000000,0x00000000a26923b0,0x00000000aa280000)
 Metaspace       used 68077K, capacity 71070K, committed 71296K, reserved 1110016K
  class space    used 9473K, capacity 10088K, committed 10112K, reserved 1048576K
}
Event: 22.602 GC heap before
{Heap before GC invocations=14 (full 3):
 PSYoungGen      total 283136K, used 282926K [0x00000000e0000000, 0x00000000f4e80000, 0x0000000100000000)
  eden space 262656K, 99% used [0x00000000e0000000,0x00000000f0050078,0x00000000f0080000)
  from space 20480K, 99% used [0x00000000f1780000,0x00000000f2b7bb28,0x00000000f2b80000)
  to   space 23552K, 0% used [0x00000000f0080000,0x00000000f0080000,0x00000000f1780000)
 ParOldGen       total 166400K, used 39496K [0x00000000a0000000, 0x00000000aa280000, 0x00000000e0000000)
  object space 166400K, 23% used [0x00000000a0000000,0x00000000a26923b0,0x00000000aa280000)
 Metaspace       used 71369K, capacity 74404K, committed 74752K, reserved 1114112K
  class space    used 9811K, capacity 10431K, committed 10496K, reserved 1048576K
Event: 22.621 GC heap after
Heap after GC invocations=14 (full 3):
 PSYoungGen      total 286208K, used 5545K [0x00000000e0000000, 0x00000000f7180000, 0x0000000100000000)
  eden space 262656K, 0% used [0x00000000e0000000,0x00000000e0000000,0x00000000f0080000)
  from space 23552K, 23% used [0x00000000f0080000,0x00000000f05ea690,0x00000000f1780000)
  to   space 23552K, 0% used [0x00000000f5a80000,0x00000000f5a80000,0x00000000f7180000)
 ParOldGen       total 166400K, used 53486K [0x00000000a0000000, 0x00000000aa280000, 0x00000000e0000000)
  object space 166400K, 32% used [0x00000000a0000000,0x00000000a343bbd0,0x00000000aa280000)
 Metaspace       used 71369K, capacity 74404K, committed 74752K, reserved 1114112K
  class space    used 9811K, capacity 10431K, committed 10496K, reserved 1048576K
}
Event: 27.976 GC heap before
{Heap before GC invocations=15 (full 3):
 PSYoungGen      total 286208K, used 268201K [0x00000000e0000000, 0x00000000f7180000, 0x0000000100000000)
  eden space 262656K, 100% used [0x00000000e0000000,0x00000000f0080000,0x00000000f0080000)
  from space 23552K, 23% used [0x00000000f0080000,0x00000000f05ea690,0x00000000f1780000)
  to   space 23552K, 0% used [0x00000000f5a80000,0x00000000f5a80000,0x00000000f7180000)
 ParOldGen       total 166400K, used 53486K [0x00000000a0000000, 0x00000000aa280000, 0x00000000e0000000)
  object space 166400K, 32% used [0x00000000a0000000,0x00000000a343bbd0,0x00000000aa280000)
 Metaspace       used 76972K, capacity 80266K, committed 80384K, reserved 1118208K
  class space    used 10509K, capacity 11184K, committed 11264K, reserved 1048576K
Event: 27.993 GC heap after
Heap after GC invocations=15 (full 3):
 PSYoungGen      total 343040K, used 21186K [0x00000000e0000000, 0x00000000f6f80000, 0x0000000100000000)
  eden space 321536K, 0% used [0x00000000e0000000,0x00000000e0000000,0x00000000f3a00000)
  from space 21504K, 98% used [0x00000000f5a80000,0x00000000f6f309b8,0x00000000f6f80000)
  to   space 26112K, 0% used [0x00000000f3c80000,0x00000000f3c80000,0x00000000f5600000)
 ParOldGen       total 166400K, used 53494K [0x00000000a0000000, 0x00000000aa280000, 0x00000000e0000000)
  object space 166400K, 32% used [0x00000000a0000000,0x00000000a343dbd0,0x00000000aa280000)
 Metaspace       used 76972K, capacity 80266K, committed 80384K, reserved 1118208K
  class space    used 10509K, capacity 11184K, committed 11264K, reserved 1048576K
}
Event: 41.182 GC heap before
{Heap before GC invocations=16 (full 3):
 PSYoungGen      total 343040K, used 342722K [0x00000000e0000000, 0x00000000f6f80000, 0x0000000100000000)
  eden space 321536K, 100% used [0x00000000e0000000,0x00000000f3a00000,0x00000000f3a00000)
  from space 21504K, 98% used [0x00000000f5a80000,0x00000000f6f309b8,0x00000000f6f80000)
  to   space 26112K, 0% used [0x00000000f3c80000,0x00000000f3c80000,0x00000000f5600000)
 ParOldGen       total 166400K, used 53494K [0x00000000a0000000, 0x00000000aa280000, 0x00000000e0000000)
  object space 166400K, 32% used [0x00000000a0000000,0x00000000a343dbd0,0x00000000aa280000)
 Metaspace       used 79277K, capacity 82592K, committed 82688K, reserved 1120256K
  class space    used 10821K, capacity 11517K, committed 11520K, reserved 1048576K
Event: 41.193 GC heap after
Heap after GC invocations=16 (full 3):
 PSYoungGen      total 350208K, used 11163K [0x00000000e0000000, 0x00000000fa600000, 0x0000000100000000)
  eden space 324096K, 0% used [0x00000000e0000000,0x00000000e0000000,0x00000000f3c80000)
  from space 26112K, 42% used [0x00000000f3c80000,0x00000000f4766e60,0x00000000f5600000)
  to   space 25088K, 0% used [0x00000000f8d80000,0x00000000f8d80000,0x00000000fa600000)
 ParOldGen       total 166400K, used 53502K [0x00000000a0000000, 0x00000000aa280000, 0x00000000e0000000)
  object space 166400K, 32% used [0x00000000a0000000,0x00000000a343fbd0,0x00000000aa280000)
 Metaspace       used 79277K, capacity 82592K, committed 82688K, reserved 1120256K
  class space    used 10821K, capacity 11517K, committed 11520K, reserved 1048576K
}
Event: 44.861 GC heap before
{Heap before GC invocations=17 (full 3):
 PSYoungGen      total 350208K, used 335259K [0x00000000e0000000, 0x00000000fa600000, 0x0000000100000000)
  eden space 324096K, 100% used [0x00000000e0000000,0x00000000f3c80000,0x00000000f3c80000)
  from space 26112K, 42% used [0x00000000f3c80000,0x00000000f4766e60,0x00000000f5600000)
  to   space 25088K, 0% used [0x00000000f8d80000,0x00000000f8d80000,0x00000000fa600000)
 ParOldGen       total 166400K, used 53503K [0x00000000a0000000, 0x00000000aa280000, 0x00000000e0000000)
  object space 166400K, 32% used [0x00000000a0000000,0x00000000a343fc60,0x00000000aa280000)
 Metaspace       used 85210K, capacity 88582K, committed 88832K, reserved 1126400K
  class space    used 11522K, capacity 12220K, committed 12288K, reserved 1048576K
Event: 44.888 GC heap after
Heap after GC invocations=17 (full 3):
 PSYoungGen      total 404480K, used 22990K [0x00000000e0000000, 0x00000000fa880000, 0x0000000100000000)
  eden space 379392K, 0% used [0x00000000e0000000,0x00000000e0000000,0x00000000f7280000)
  from space 25088K, 91% used [0x00000000f8d80000,0x00000000fa3f3b80,0x00000000fa600000)
  to   space 27648K, 0% used [0x00000000f7280000,0x00000000f7280000,0x00000000f8d80000)
 ParOldGen       total 166400K, used 53511K [0x00000000a0000000, 0x00000000aa280000, 0x00000000e0000000)
  object space 166400K, 32% used [0x00000000a0000000,0x00000000a3441c60,0x00000000aa280000)
 Metaspace       used 85210K, capacity 88582K, committed 88832K, reserved 1126400K
  class space    used 11522K, capacity 12220K, committed 12288K, reserved 1048576K
}

